<?xml version="1.0" encoding="UTF-8"?>
<!-- Generated by org.testng.reporters.JUnitReportReporter -->
<testsuite skipped="0" hostname="home-PC" name="com.Tests.LoginTest" tests="3" failures="0" timestamp="06 Sep 2019 03:46:09 GMT" time="0.032" errors="0">
  <testcase name="test1" time="0.028" classname="com.Tests.LoginTest"/>
  <testcase name="test1" time="0.002" classname="com.Tests.LoginTest"/>
  <testcase name="test1" time="0.002" classname="com.Tests.LoginTest"/>
</testsuite> <!-- com.Tests.LoginTest -->
