<?xml version="1.0" encoding="UTF-8"?>
<!-- Generated by org.testng.reporters.JUnitReportReporter -->
<testsuite skipped="0" hostname="home-PC" name="com.Tests.LoginTest2" tests="4" failures="0" timestamp="16 Sep 2019 03:39:24 GMT" time="3.270" errors="0">
  <testcase name="TC004" time="0.831" classname="com.Tests.LoginTest2"/>
  <testcase name="TC002" time="0.134" classname="com.Tests.LoginTest2"/>
  <testcase name="TC001" time="2.148" classname="com.Tests.LoginTest2"/>
  <testcase name="TC003" time="0.157" classname="com.Tests.LoginTest2"/>
</testsuite> <!-- com.Tests.LoginTest2 -->
